<?xml version="1.0" encoding="UTF-8"?>
<!-- Generated by org.testng.reporters.JUnitXMLReporter -->
<testsuite ignored="1" hostname="User183" failures="0" tests="1" name="Default test" time="3.742" errors="0" timestamp="2026-06-23T13:34:56 IST">
  <testcase classname="Login.TC_LF_001" name="verifyLoginWithInvalidCredential" time="0.942"/>
  <testcase classname="Login.TC_LF_001" name="verifyLoginWithValidCredential" time="0.0">
    <ignored/>
  </testcase> <!-- verifyLoginWithValidCredential -->
</testsuite> <!-- Default test -->
