<?xml version="1.0" encoding="UTF-8"?>
<!-- Generated by org.testng.reporters.JUnitReportReporter -->
<testsuite hostname="User183" failures="0" tests="2" name="Register.TC001_AccountRegisterTest" time="4.870" errors="0" timestamp="2026-08-06T17:07:53 IST" skipped="0">
  <testcase classname="Register.TC001_AccountRegisterTest" name="verify_account_registeration" time="2.188"/>
  <testcase classname="Register.TC001_AccountRegisterTest" name="verify_account_registeration" time="2.682"/>
</testsuite> <!-- Register.TC001_AccountRegisterTest -->
