<?xml version="1.0" encoding="UTF-8"?>
<!-- Generated by org.testng.reporters.JUnitReportReporter -->
<testsuite hostname="User183" failures="0" tests="3" name="extentReportsConcept.letcodeTest" time="5.919" errors="0" timestamp="2025-08-20T14:56:56 IST" skipped="0">
  <testcase classname="extentReportsConcept.letcodeTest" name="HomePage" time="5.908"/>
  <system-out/>
  <testcase classname="extentReportsConcept.letcodeTest" name="DropdownPage" time="0.009"/>
  <system-out/>
  <testcase classname="extentReportsConcept.letcodeTest" name="EditPage" time="0.002"/>
  <system-out/>
</testsuite> <!-- extentReportsConcept.letcodeTest -->
