<?xml version="1.0" encoding="UTF-8"?>
<!-- Generated by org.testng.reporters.JUnitReportReporter -->
<testsuite hostname="User183" failures="0" tests="4" name="testngConcept.loginToApplicationTest" time="18.210" errors="0" timestamp="2025-08-28T12:55:54 IST" skipped="0">
  <testcase classname="testngConcept.loginToApplicationTest" name="clickOnPIMTest" time="4.336"/>
  <system-out/>
  <testcase classname="testngConcept.loginToApplicationTest" name="timeClickTest" time="4.733"/>
  <system-out/>
  <testcase classname="testngConcept.loginToApplicationTest" name="loginToApplicationUsernamePasswordTest" time="5.017"/>
  <system-out/>
  <testcase classname="testngConcept.loginToApplicationTest" name="loginToApplicationUsernamePasswordTest" time="4.124"/>
  <system-out/>
</testsuite> <!-- testngConcept.loginToApplicationTest -->
