<?xml version="1.0" encoding="UTF-8"?>
<!-- Generated by org.testng.reporters.JUnitReportReporter -->
<testsuite hostname="User183" failures="0" tests="5" name="testngConcept.applicationBrowserparallelTest" time="28.365" errors="0" timestamp="2025-08-28T14:08:23 IST" skipped="0">
  <testcase classname="testngConcept.applicationBrowserparallelTest" name="Swiggy" time="8.520"/>
  <system-out/>
  <testcase classname="testngConcept.applicationBrowserparallelTest" name="Zomato" time="3.834"/>
  <system-out/>
  <testcase classname="testngConcept.applicationBrowserparallelTest" name="Myntra" time="8.033"/>
  <system-out/>
  <testcase classname="testngConcept.applicationBrowserparallelTest" name="Amazon" time="3.681"/>
  <system-out/>
  <testcase classname="testngConcept.applicationBrowserparallelTest" name="Flipkart" time="4.297"/>
  <system-out/>
</testsuite> <!-- testngConcept.applicationBrowserparallelTest -->
