<?xml version="1.0" encoding="UTF-8"?>
<!-- Generated by org.testng.reporters.JUnitReportReporter -->
<testsuite hostname="User183" failures="0" tests="3" name="testngConcept.applicationBrowserTest" time="9.226" errors="0" timestamp="2025-08-28T13:51:06 IST" skipped="0">
  <testcase classname="testngConcept.applicationBrowserTest" name="Flipkart" time="2.441"/>
  <system-out/>
  <testcase classname="testngConcept.applicationBrowserTest" name="Amazon" time="2.962"/>
  <system-out/>
  <testcase classname="testngConcept.applicationBrowserTest" name="Myntra" time="3.823"/>
  <system-out/>
</testsuite> <!-- testngConcept.applicationBrowserTest -->
