<?xml version="1.0" encoding="UTF-8"?>
<!-- Generated by org.testng.reporters.JUnitReportReporter -->
<testsuite hostname="User183" failures="0" tests="3" name="testngConcept.applicationTest" time="0.013" errors="0" timestamp="2025-08-28T13:48:01 IST" skipped="0">
  <testcase classname="testngConcept.applicationTest" name="Amazon" time="0.011"/>
  <system-out/>
  <testcase classname="testngConcept.applicationTest" name="Myntra" time="0.001"/>
  <system-out/>
  <testcase classname="testngConcept.applicationTest" name="Flipkart" time="0.001"/>
  <system-out/>
</testsuite> <!-- testngConcept.applicationTest -->
