<?xml version="1.0" encoding="UTF-8"?>
<!-- Generated by org.testng.reporters.JUnitXMLReporter -->
<testsuite ignored="0" hostname="User183" failures="0" tests="5" name="Test" time="8.553" errors="0" timestamp="2025-08-28T14:08:23 IST">
  <testcase classname="testngConcept.applicationBrowserparallelTest" name="Amazon" time="3.681"/>
  <testcase classname="testngConcept.applicationBrowserparallelTest" name="Zomato" time="3.834"/>
  <testcase classname="testngConcept.applicationBrowserparallelTest" name="Flipkart" time="4.297"/>
  <testcase classname="testngConcept.applicationBrowserparallelTest" name="Myntra" time="8.033"/>
  <testcase classname="testngConcept.applicationBrowserparallelTest" name="Swiggy" time="8.52"/>
</testsuite> <!-- Test -->
