<?xml version="1.0" encoding="UTF-8"?>
<testng-results ignored="0" total="1" passed="1" failed="0" skipped="0">
  <reporter-output>
  </reporter-output>
  <suite started-at="2026-06-23T13:34:53 IST" name="Default suite" finished-at="2026-06-23T13:34:56 IST" duration-ms="3742">
    <groups>
    </groups>
    <test started-at="2026-06-23T13:34:53 IST" name="Default test" finished-at="2026-06-23T13:34:56 IST" duration-ms="3742">
      <class name="Login.TC_LF_001">
        <test-method is-config="true" signature="Setup()[pri:0, instance:Login.TC_LF_001@55183b20]" started-at="2026-06-23T13:34:53 IST" name="Setup" finished-at="2026-06-23T13:34:55 IST" duration-ms="2768" status="PASS">
          <reporter-output>
          </reporter-output>
        </test-method> <!-- Setup -->
        <test-method signature="verifyLoginWithInvalidCredential()[pri:0, instance:Login.TC_LF_001@55183b20]" started-at="2026-06-23T13:34:55 IST" name="verifyLoginWithInvalidCredential" finished-at="2026-06-23T13:34:56 IST" duration-ms="942" status="PASS">
          <reporter-output>
          </reporter-output>
        </test-method> <!-- verifyLoginWithInvalidCredential -->
        <test-method is-config="true" signature="teardown()[pri:0, instance:Login.TC_LF_001@55183b20]" started-at="2026-06-23T13:34:56 IST" name="teardown" finished-at="2026-06-23T13:34:56 IST" duration-ms="0" status="PASS">
          <reporter-output>
          </reporter-output>
        </test-method> <!-- teardown -->
      </class> <!-- Login.TC_LF_001 -->
    </test> <!-- Default test -->
  </suite> <!-- Default suite -->
</testng-results>
