<?xml version="1.0" encoding="UTF-8"?>
<!-- Generated by org.testng.reporters.JUnitReportReporter -->
<testsuite hostname="User183" failures="0" tests="1" name="com.cast.crm.contacttest.CreateContactWithSupportDate" time="17.967" errors="0" timestamp="2026-06-22T16:28:16 IST" skipped="0">
  <testcase classname="com.cast.crm.contacttest.CreateContactWithSupportDate" name="createContactWithSupportDateTest" time="17.967"/>
</testsuite> <!-- com.cast.crm.contacttest.CreateContactWithSupportDate -->
