<?xml version="1.0" encoding="UTF-8"?>
<!-- Generated by org.testng.reporters.JUnitReportReporter -->
<testsuite hostname="User183" failures="0" tests="1" name="com.comcast.crm.orgtest.CreateOrganizationWithPhoneNumber" time="26.028" errors="0" timestamp="2026-06-22T14:46:14 IST" skipped="0">
  <testcase classname="com.comcast.crm.orgtest.CreateOrganizationWithPhoneNumber" name="createOrgWithPhoneNumberTest" time="26.028"/>
</testsuite> <!-- com.comcast.crm.orgtest.CreateOrganizationWithPhoneNumber -->
